2025-08-29T14:03:23.721806742Z 
2025-08-29T14:03:23.721829291Z   ___  ____  ____  ____  ____ (R)
2025-08-29T14:03:23.721830777Z  /__    /   ____/   /   ____/
2025-08-29T14:03:23.721831648Z ___/   /   /___/   /   /___/   16.1   Copyright 1985-2019 StataCorp LLC
2025-08-29T14:03:23.721832451Z   Statistics/Data Analysis            StataCorp
2025-08-29T14:03:23.721833209Z                                       4905 Lakeway Drive
2025-08-29T14:03:23.721834239Z      MP - Parallel Edition            College Station, Texas 77845 USA
2025-08-29T14:03:23.721835114Z                                       800-STATA-PC        http://www.stata.com
2025-08-29T14:03:23.721835879Z                                       979-696-4600        stata@stata.com
2025-08-29T14:03:23.721836646Z                                       979-696-4601 (fax)
2025-08-29T14:03:23.721837402Z 
2025-08-29T14:03:23.721838088Z Unlimited-user 16-core Stata network license expires 13 Jul 2026:
2025-08-29T14:03:23.721838877Z        Serial number:  501909306771
2025-08-29T14:03:23.721839623Z          Licensed to:  NDPH
2025-08-29T14:03:23.721840377Z                        University of Oxford
2025-08-29T14:03:23.726601058Z 
2025-08-29T14:03:23.726615785Z Notes:
2025-08-29T14:03:23.726616962Z       1.  Unicode is supported; see help unicode_advice.
2025-08-29T14:03:23.726617792Z       2.  More than 2 billion observations are allowed; see help obs_advice.
2025-08-29T14:03:23.726618623Z       3.  Maximum number of variables is set to 5000; see help set_maxvar.
2025-08-29T14:03:23.726619448Z 
2025-08-29T14:03:23.726620411Z . do "/tmp/rheum_table3.do.mcDk.do" 
2025-08-29T14:03:23.726621269Z 
2025-08-29T14:03:23.726621949Z . . do "analysis/rheum_table3.do" 
2025-08-29T14:03:23.726622714Z 
2025-08-29T14:03:23.726623424Z . * rheum_table3.do
2025-08-29T14:03:23.726624178Z . * Produce Table 3: Rheumatology PFU patients since 1 Jun 2018
2025-08-29T14:03:23.726639411Z . 
2025-08-29T14:03:23.726640617Z . *------------------------------------------------------------
2025-08-29T14:03:23.726641524Z . * Import dataset and keep PFU patients
2025-08-29T14:03:23.726642360Z . *------------------------------------------------------------
2025-08-29T14:03:23.726643313Z . import delimited using "output/dataset_rheum.csv", clear
2025-08-29T14:03:23.978815983Z (22 vars, 1,899 obs)
2025-08-29T14:03:23.980630851Z 
2025-08-29T14:03:23.980646932Z . keep if (any_pfu == "T" | any_pfu == "True" | any_pfu == "1") ///
2025-08-29T14:03:23.980650134Z >     & first_pfu_date >= "2018-06-01"
2025-08-29T14:03:23.981400360Z (1,026 observations deleted)
2025-08-29T14:03:23.981409180Z 
2025-08-29T14:03:23.981423504Z . 
2025-08-29T14:03:23.981424434Z . * Overall total
2025-08-29T14:03:23.981425289Z . count
2025-08-29T14:03:23.985726037Z   873
2025-08-29T14:03:23.985747289Z 
2025-08-29T14:03:23.985748843Z . local total = r(N)
2025-08-29T14:03:23.985749943Z 
2025-08-29T14:03:23.985750979Z . 
2025-08-29T14:03:23.985752023Z . * Start results dataset
2025-08-29T14:03:23.985753025Z . clear
2025-08-29T14:03:23.985753951Z 
2025-08-29T14:03:23.985755024Z . set obs 1
2025-08-29T14:03:23.985756130Z number of observations (_N) was 0, now 1
2025-08-29T14:03:23.985757228Z 
2025-08-29T14:03:23.985758205Z . gen subgroup = "Total"
2025-08-29T14:03:23.985759286Z 
2025-08-29T14:03:23.985760184Z . gen category = "All patients"
2025-08-29T14:03:23.985761244Z 
2025-08-29T14:03:23.985762269Z . gen count = `total'
2025-08-29T14:03:23.985763248Z 
2025-08-29T14:03:23.985764275Z . gen percent = 100 * count / `total'
2025-08-29T14:03:23.985765271Z 
2025-08-29T14:03:23.985766317Z . gen formatted = string(count, "%9.0f") + " (" + string(percent, "%4.1f") + "%
2025-08-29T14:03:23.985767538Z > )"
2025-08-29T14:03:23.985768778Z 
2025-08-29T14:03:23.985769702Z . tempfile results
2025-08-29T14:03:23.985770692Z 
2025-08-29T14:03:23.985771675Z . save "`results'"
2025-08-29T14:03:23.985772751Z file /tmp/St00016.000001 saved
2025-08-29T14:03:23.985773736Z 
2025-08-29T14:03:23.985775040Z . 
2025-08-29T14:03:23.985776115Z . *------------------------------------------------------------
2025-08-29T14:03:23.985777265Z . * 1. Counts by sex
2025-08-29T14:03:23.985778368Z . import delimited using "output/dataset_rheum.csv", clear
2025-08-29T14:03:24.085694894Z (22 vars, 1,899 obs)
2025-08-29T14:03:24.085775200Z 
2025-08-29T14:03:24.085778397Z . keep if (any_pfu == "T" | any_pfu == "True" | any_pfu == "1") ///
2025-08-29T14:03:24.085780390Z >     & first_pfu_date >= "2018-06-01"
2025-08-29T14:03:24.086460101Z (1,026 observations deleted)
2025-08-29T14:03:24.086476400Z 
2025-08-29T14:03:24.086478457Z . contract sex, freq(count)
2025-08-29T14:03:24.176635370Z 
2025-08-29T14:03:24.176674084Z . gen subgroup = "Sex"
2025-08-29T14:03:24.176675795Z 
2025-08-29T14:03:24.176676859Z . rename sex category
2025-08-29T14:03:24.274977093Z 
2025-08-29T14:03:24.275002642Z . gen percent = 100 * count / `total'
2025-08-29T14:03:24.275004267Z 
2025-08-29T14:03:24.275005087Z . gen formatted = string(count, "%9.0f") + " (" + string(percent, "%4.1f") + "%
2025-08-29T14:03:24.275006128Z > )"
2025-08-29T14:03:24.275007022Z 
2025-08-29T14:03:24.275007739Z . append using "`results'"
2025-08-29T14:03:24.279545336Z (note: variable subgroup was str3, now str5 to accommodate using data's
2025-08-29T14:03:24.279558641Z        values)
2025-08-29T14:03:24.279559891Z (note: variable category was str6, now str12 to accommodate using data's
2025-08-29T14:03:24.279560781Z        values)
2025-08-29T14:03:24.279561505Z (note: variable count was int, now float to accommodate using data's values)
2025-08-29T14:03:24.279562294Z (note: variable formatted was str11, now str12 to accommodate using data's
2025-08-29T14:03:24.279563070Z        values)
2025-08-29T14:03:24.279563841Z 
2025-08-29T14:03:24.279564585Z . save "`results'", replace
2025-08-29T14:03:24.279714407Z file /tmp/St00016.000001 saved
2025-08-29T14:03:24.279726571Z 
2025-08-29T14:03:24.279728706Z . 
2025-08-29T14:03:24.279730279Z . *------------------------------------------------------------
2025-08-29T14:03:24.279731800Z . * 2. Counts by age group
2025-08-29T14:03:24.279733307Z . import delimited using "output/dataset_rheum.csv", clear
2025-08-29T14:03:24.376925397Z (22 vars, 1,899 obs)
2025-08-29T14:03:24.376945542Z 
2025-08-29T14:03:24.376947987Z . keep if (any_pfu == "T" | any_pfu == "True" | any_pfu == "1") ///
2025-08-29T14:03:24.376949942Z >     & first_pfu_date >= "2018-06-01"
2025-08-29T14:03:24.378280438Z (1,026 observations deleted)
2025-08-29T14:03:24.378301041Z 
2025-08-29T14:03:24.378305599Z . contract age_group, freq(count)
2025-08-29T14:03:24.390047855Z 
2025-08-29T14:03:24.390091867Z . gen subgroup = "Age group"
2025-08-29T14:03:24.390099099Z 
2025-08-29T14:03:24.390103339Z . rename age_group category
2025-08-29T14:03:24.390107250Z 
2025-08-29T14:03:24.390110940Z . gen percent = 100 * count / `total'
2025-08-29T14:03:24.390114674Z 
2025-08-29T14:03:24.390118062Z . gen formatted = string(count, "%9.0f") + " (" + string(percent, "%4.1f") + "%
2025-08-29T14:03:24.390122753Z > )"
2025-08-29T14:03:24.390126594Z 
2025-08-29T14:03:24.390129960Z . append using "`results'"
2025-08-29T14:03:24.390133683Z (note: variable category was str5, now str12 to accommodate using data's
2025-08-29T14:03:24.390137459Z        values)
2025-08-29T14:03:24.390168768Z (note: variable count was int, now float to accommodate using data's values)
2025-08-29T14:03:24.390173851Z (note: variable formatted was str11, now str12 to accommodate using data's
2025-08-29T14:03:24.390177650Z        values)
2025-08-29T14:03:24.390181266Z 
2025-08-29T14:03:24.390184643Z . save "`results'", replace
2025-08-29T14:03:24.390189145Z file /tmp/St00016.000001 saved
2025-08-29T14:03:24.390192622Z 
2025-08-29T14:03:24.390195902Z . 
2025-08-29T14:03:24.390199543Z . *------------------------------------------------------------
2025-08-29T14:03:24.390203169Z . * 3. Counts by region
2025-08-29T14:03:24.390206692Z . import delimited using "output/dataset_rheum.csv", clear
2025-08-29T14:03:24.570460805Z (22 vars, 1,899 obs)
2025-08-29T14:03:24.573466993Z 
2025-08-29T14:03:24.573477986Z . keep if (any_pfu == "T" | any_pfu == "True" | any_pfu == "1") ///
2025-08-29T14:03:24.573479310Z >     & first_pfu_date >= "2018-06-01"
2025-08-29T14:03:24.573480505Z (1,026 observations deleted)
2025-08-29T14:03:24.573481324Z 
2025-08-29T14:03:24.573482362Z . replace region = "Missing" if region == ""
2025-08-29T14:03:24.573483264Z (204 real changes made)
2025-08-29T14:03:24.573484028Z 
2025-08-29T14:03:24.573484743Z . contract region, freq(count)
2025-08-29T14:03:24.782510254Z 
2025-08-29T14:03:24.782532793Z . gen subgroup = "Region"
2025-08-29T14:03:24.782534205Z 
2025-08-29T14:03:24.782535197Z . rename region category
2025-08-29T14:03:24.782754848Z 
2025-08-29T14:03:24.782766193Z . gen percent = 100 * count / `total'
2025-08-29T14:03:24.782768743Z 
2025-08-29T14:03:24.782770411Z . gen formatted = string(count, "%9.0f") + " (" + string(percent, "%4.1f") + "%
2025-08-29T14:03:24.782772585Z > )"
2025-08-29T14:03:24.782774334Z 
2025-08-29T14:03:24.782775904Z . append using "`results'"
2025-08-29T14:03:24.782976895Z (note: variable count was int, now float to accommodate using data's values)
2025-08-29T14:03:24.782983806Z (note: variable subgroup was str6, now str9 to accommodate using data's
2025-08-29T14:03:24.782986088Z        values)
2025-08-29T14:03:24.782987724Z (note: variable formatted was str11, now str12 to accommodate using data's
2025-08-29T14:03:24.782989283Z        values)
2025-08-29T14:03:24.782990725Z 
2025-08-29T14:03:24.782992309Z . save "`results'", replace
2025-08-29T14:03:24.783102974Z file /tmp/St00016.000001 saved
2025-08-29T14:03:24.783107990Z 
2025-08-29T14:03:24.783119479Z . 
2025-08-29T14:03:24.783121475Z . *------------------------------------------------------------
2025-08-29T14:03:24.783123033Z . * 4. Counts by year of first PFU
2025-08-29T14:03:24.783124496Z . import delimited using "output/dataset_rheum.csv", clear
2025-08-29T14:03:24.886356083Z (22 vars, 1,899 obs)
2025-08-29T14:03:24.886385968Z 
2025-08-29T14:03:24.886389846Z . keep if (any_pfu == "T" | any_pfu == "True" | any_pfu == "1") ///
2025-08-29T14:03:24.886392874Z >     & first_pfu_date >= "2018-06-01"
2025-08-29T14:03:24.887106846Z (1,026 observations deleted)
2025-08-29T14:03:24.887129158Z 
2025-08-29T14:03:24.887132029Z . contract first_pfu_year, freq(count)
2025-08-29T14:03:24.972752518Z 
2025-08-29T14:03:24.972776937Z . gen subgroup = "First PFU year"
2025-08-29T14:03:24.972778635Z 
2025-08-29T14:03:24.972779699Z . tostring first_pfu_year, replace   // ensure string
2025-08-29T14:03:24.980136807Z first_pfu_year was int now str4
2025-08-29T14:03:24.980154923Z 
2025-08-29T14:03:24.980158003Z . rename first_pfu_year category
2025-08-29T14:03:24.980298645Z 
2025-08-29T14:03:24.980303324Z . gen percent = 100 * count / `total'
2025-08-29T14:03:24.980305766Z 
2025-08-29T14:03:24.980308313Z . gen formatted = string(count, "%9.0f") + " (" + string(percent, "%4.1f") + "%
2025-08-29T14:03:24.980311175Z > )"
2025-08-29T14:03:24.980439011Z 
2025-08-29T14:03:24.980445980Z . append using "`results'"
2025-08-29T14:03:24.981413106Z (note: variable category was str4, now str24 to accommodate using data's
2025-08-29T14:03:24.981435261Z        values)
2025-08-29T14:03:24.981441034Z (note: variable count was int, now float to accommodate using data's values)
2025-08-29T14:03:24.981445035Z (note: variable formatted was str11, now str12 to accommodate using data's
2025-08-29T14:03:24.981496333Z        values)
2025-08-29T14:03:24.981507176Z 
2025-08-29T14:03:24.981512167Z . save "`results'", replace
2025-08-29T14:03:24.981569082Z file /tmp/St00016.000001 saved
2025-08-29T14:03:24.981574785Z 
2025-08-29T14:03:24.981578374Z . 
2025-08-29T14:03:24.981581850Z . *------------------------------------------------------------
2025-08-29T14:03:24.981586326Z . * 5. Attendances 1 year before PFU
2025-08-29T14:03:24.981589750Z . import delimited using "output/dataset_rheum.csv", clear
2025-08-29T14:03:25.085592294Z (22 vars, 1,899 obs)
2025-08-29T14:03:25.085631724Z 
2025-08-29T14:03:25.085634585Z . keep if (any_pfu == "T" | any_pfu == "True" | any_pfu == "1") ///
2025-08-29T14:03:25.085652037Z >     & first_pfu_date >= "2018-06-01"
2025-08-29T14:03:25.086157628Z (1,026 observations deleted)
2025-08-29T14:03:25.086165448Z 
2025-08-29T14:03:25.086167464Z . 
2025-08-29T14:03:25.086169002Z . * ≥1 attendance in year before
2025-08-29T14:03:25.086171471Z . gen att1 = (before_1yr >= 1)
2025-08-29T14:03:25.279468424Z 
2025-08-29T14:03:25.279489607Z . summarize att1
2025-08-29T14:03:25.379317181Z 
2025-08-29T14:03:25.379347431Z     Variable |        Obs        Mean    Std. Dev.       Min        Max
2025-08-29T14:03:25.379350826Z -------------+---------------------------------------------------------
2025-08-29T14:03:25.379359888Z         att1 |        873    .0183276      .13421          0          1
2025-08-29T14:03:25.382985017Z 
2025-08-29T14:03:25.383003598Z . local prop1 = 100 * r(mean)
2025-08-29T14:03:25.383004899Z 
2025-08-29T14:03:25.383005729Z . 
2025-08-29T14:03:25.383006503Z . clear
2025-08-29T14:03:25.383007328Z 
2025-08-29T14:03:25.383008057Z . set obs 1
2025-08-29T14:03:25.383008897Z number of observations (_N) was 0, now 1
2025-08-29T14:03:25.383009728Z 
2025-08-29T14:03:25.383010460Z . gen subgroup = "Attendances 1yr before PFU"
2025-08-29T14:03:25.383011391Z 
2025-08-29T14:03:25.383012083Z . gen category = "1+ attendance"
2025-08-29T14:03:25.383012869Z 
2025-08-29T14:03:25.383013594Z . gen count = round(`prop1' * `total'/100, 5)
2025-08-29T14:03:25.383014337Z 
2025-08-29T14:03:25.383015009Z . gen percent = `prop1'
2025-08-29T14:03:25.383015717Z 
2025-08-29T14:03:25.383016448Z . gen formatted = string(count, "%9.0f") + " (" + string(percent, "%4.1f") + "%
2025-08-29T14:03:25.383017459Z > )"
2025-08-29T14:03:25.383018295Z 
2025-08-29T14:03:25.383018974Z . tempfile attend1
2025-08-29T14:03:25.383019703Z 
2025-08-29T14:03:25.383020389Z . save "`attend1'"
2025-08-29T14:03:25.383021157Z file /tmp/St00016.000002 saved
2025-08-29T14:03:25.383021931Z 
2025-08-29T14:03:25.383022652Z . 
2025-08-29T14:03:25.383037975Z . * Median (IQR) attendances
2025-08-29T14:03:25.383038878Z . import delimited using "output/dataset_rheum.csv", clear
2025-08-29T14:03:25.566394115Z (22 vars, 1,899 obs)
2025-08-29T14:03:25.566407035Z 
2025-08-29T14:03:25.566408114Z . keep if (any_pfu == "T" | any_pfu == "True" | any_pfu == "1") ///
2025-08-29T14:03:25.566427850Z >     & first_pfu_date >= "2018-06-01"
2025-08-29T14:03:25.566618991Z (1,026 observations deleted)
2025-08-29T14:03:25.566626971Z 
2025-08-29T14:03:25.566629399Z . summarize before_1yr, detail
2025-08-29T14:03:25.568339996Z 
2025-08-29T14:03:25.568350353Z                          before_1yr
2025-08-29T14:03:25.568352844Z -------------------------------------------------------------
2025-08-29T14:03:25.568354675Z       Percentiles      Smallest
2025-08-29T14:03:25.568356175Z  1%            0              0
2025-08-29T14:03:25.568357591Z  5%            0              0
2025-08-29T14:03:25.568358986Z 10%            0              0       Obs                 873
2025-08-29T14:03:25.568360427Z 25%            0              0       Sum of Wgt.         873
2025-08-29T14:03:25.568361918Z 
2025-08-29T14:03:25.568363281Z 50%            0                      Mean           .0194731
2025-08-29T14:03:25.568364706Z                         Largest       Std. Dev.      .1463194
2025-08-29T14:03:25.568366169Z 75%            0              1
2025-08-29T14:03:25.568367587Z 90%            0              1       Variance       .0214094
2025-08-29T14:03:25.568369018Z 95%            0              1       Skewness       8.022859
2025-08-29T14:03:25.568370419Z 99%            1              2       Kurtosis       73.26891
2025-08-29T14:03:25.568371872Z 
2025-08-29T14:03:25.568373212Z . local median1 = r(p50)
2025-08-29T14:03:25.568374599Z 
2025-08-29T14:03:25.568375912Z . local iqr1l = r(p25)
2025-08-29T14:03:25.568377303Z 
2025-08-29T14:03:25.568378630Z . local iqr1u = r(p75)
2025-08-29T14:03:25.568380101Z 
2025-08-29T14:03:25.568381452Z . 
2025-08-29T14:03:25.568382821Z . clear
2025-08-29T14:03:25.568384190Z 
2025-08-29T14:03:25.568385518Z . set obs 1
2025-08-29T14:03:25.568386880Z number of observations (_N) was 0, now 1
2025-08-29T14:03:25.568388299Z 
2025-08-29T14:03:25.568389614Z . gen subgroup = "Attendances 1yr before PFU"
2025-08-29T14:03:25.568391112Z 
2025-08-29T14:03:25.568392442Z . gen category = "No. attendances (median [IQR])"
2025-08-29T14:03:25.568393907Z 
2025-08-29T14:03:25.568395218Z . gen count = .
2025-08-29T14:03:25.568396588Z (1 missing value generated)
2025-08-29T14:03:25.568397962Z 
2025-08-29T14:03:25.568399361Z . gen formatted = "`median1' (" + string(`iqr1l',"%9.0f") + "-" + string(`iqr1u
2025-08-29T14:03:25.568400980Z > ',"%9.0f") + ")"
2025-08-29T14:03:25.568402585Z 
2025-08-29T14:03:25.568411565Z . append using "`attend1'"
2025-08-29T14:03:25.569256053Z (note: variable formatted was str7, now str9 to accommodate using data's
2025-08-29T14:03:25.569262759Z        values)
2025-08-29T14:03:25.569264681Z 
2025-08-29T14:03:25.569266283Z . append using "`results'"
2025-08-29T14:03:25.569267860Z (note: variable formatted was str9, now str12 to accommodate using data's
2025-08-29T14:03:25.569269442Z        values)
2025-08-29T14:03:25.569270900Z 
2025-08-29T14:03:25.569272332Z . save "`results'", replace
2025-08-29T14:03:25.569661250Z file /tmp/St00016.000001 saved
2025-08-29T14:03:25.569666632Z 
2025-08-29T14:03:25.569668630Z . 
2025-08-29T14:03:25.569670192Z . *------------------------------------------------------------
2025-08-29T14:03:25.569671732Z . * 6. Attendances 2 years before PFU
2025-08-29T14:03:25.569673174Z . import delimited using "output/dataset_rheum.csv", clear
2025-08-29T14:03:25.585964756Z (22 vars, 1,899 obs)
2025-08-29T14:03:25.585981708Z 
2025-08-29T14:03:25.585984275Z . keep if (any_pfu == "T" | any_pfu == "True" | any_pfu == "1") ///
2025-08-29T14:03:25.585986505Z >     & first_pfu_date >= "2018-06-01"
2025-08-29T14:03:25.585988408Z (1,026 observations deleted)
2025-08-29T14:03:25.585989880Z 
2025-08-29T14:03:25.585991329Z . 
2025-08-29T14:03:25.585992728Z . * ≥1 attendance in 2 years before
2025-08-29T14:03:25.585994627Z . gen att2 = (before_2yr >= 1)
2025-08-29T14:03:25.585996159Z 
2025-08-29T14:03:25.585997518Z . summarize att2
2025-08-29T14:03:25.585998917Z 
2025-08-29T14:03:25.586000280Z     Variable |        Obs        Mean    Std. Dev.       Min        Max
2025-08-29T14:03:25.586001833Z -------------+---------------------------------------------------------
2025-08-29T14:03:25.586003298Z         att2 |        873      .04811    .2141213          0          1
2025-08-29T14:03:25.586004773Z 
2025-08-29T14:03:25.586006093Z . local prop2 = 100 * r(mean)
2025-08-29T14:03:25.586007496Z 
2025-08-29T14:03:25.586008828Z . 
2025-08-29T14:03:25.586010207Z . clear
2025-08-29T14:03:25.586011559Z 
2025-08-29T14:03:25.586012885Z . set obs 1
2025-08-29T14:03:25.586014281Z number of observations (_N) was 0, now 1
2025-08-29T14:03:25.586015709Z 
2025-08-29T14:03:25.586017040Z . gen subgroup = "Attendances 2yr before PFU"
2025-08-29T14:03:25.586018665Z 
2025-08-29T14:03:25.586020001Z . gen category = "1+ attendance"
2025-08-29T14:03:25.586030553Z 
2025-08-29T14:03:25.586032343Z . gen count = round(`prop2' * `total'/100, 5)
2025-08-29T14:03:25.586033855Z 
2025-08-29T14:03:25.586035203Z . gen percent = `prop2'
2025-08-29T14:03:25.586036601Z 
2025-08-29T14:03:25.586037962Z . gen formatted = string(count, "%9.0f") + " (" + string(percent, "%4.1f") + "%
2025-08-29T14:03:25.586039617Z > )"
2025-08-29T14:03:25.586041444Z 
2025-08-29T14:03:25.586042794Z . tempfile attend2
2025-08-29T14:03:25.586044150Z 
2025-08-29T14:03:25.586045495Z . save "`attend2'"
2025-08-29T14:03:25.586046905Z file /tmp/St00016.000003 saved
2025-08-29T14:03:25.586048292Z 
2025-08-29T14:03:25.586049604Z . 
2025-08-29T14:03:25.586050943Z . * Median (IQR) attendances
2025-08-29T14:03:25.586052316Z . import delimited using "output/dataset_rheum.csv", clear
2025-08-29T14:03:25.664463771Z (22 vars, 1,899 obs)
2025-08-29T14:03:25.664481831Z 
2025-08-29T14:03:25.664484242Z . keep if (any_pfu == "T" | any_pfu == "True" | any_pfu == "1") ///
2025-08-29T14:03:25.664486174Z >     & first_pfu_date >= "2018-06-01"
2025-08-29T14:03:25.664488075Z (1,026 observations deleted)
2025-08-29T14:03:25.664489566Z 
2025-08-29T14:03:25.664490980Z . summarize before_2yr, detail
2025-08-29T14:03:25.664876858Z 
2025-08-29T14:03:25.664882815Z                          before_2yr
2025-08-29T14:03:25.664884857Z -------------------------------------------------------------
2025-08-29T14:03:25.664886457Z       Percentiles      Smallest
2025-08-29T14:03:25.664887927Z  1%            0              0
2025-08-29T14:03:25.664892611Z  5%            0              0
2025-08-29T14:03:25.664894213Z 10%            0              0       Obs                 873
2025-08-29T14:03:25.664895898Z 25%            0              0       Sum of Wgt.         873
2025-08-29T14:03:25.664897373Z 
2025-08-29T14:03:25.664898787Z 50%            0                      Mean           .0515464
2025-08-29T14:03:25.664900238Z                         Largest       Std. Dev.      .2362756
2025-08-29T14:03:25.664901681Z 75%            0              1
2025-08-29T14:03:25.664903086Z 90%            0              2       Variance       .0558262
2025-08-29T14:03:25.664904537Z 95%            0              2       Skewness       4.815188
2025-08-29T14:03:25.664905998Z 99%            1              2       Kurtosis       27.55723
2025-08-29T14:03:25.664907505Z 
2025-08-29T14:03:25.664908837Z . local median2 = r(p50)
2025-08-29T14:03:25.664910270Z 
2025-08-29T14:03:25.664933304Z . local iqr2l = r(p25)
2025-08-29T14:03:25.664935614Z 
2025-08-29T14:03:25.664937101Z . local iqr2u = r(p75)
2025-08-29T14:03:25.664938609Z 
2025-08-29T14:03:25.664939984Z . 
2025-08-29T14:03:25.664941425Z . clear
2025-08-29T14:03:25.664942834Z 
2025-08-29T14:03:25.664944226Z . set obs 1
2025-08-29T14:03:25.664945673Z number of observations (_N) was 0, now 1
2025-08-29T14:03:25.664947214Z 
2025-08-29T14:03:25.664948602Z . gen subgroup = "Attendances 2yr before PFU"
2025-08-29T14:03:25.664950092Z 
2025-08-29T14:03:25.664951434Z . gen category = "No. attendances (median [IQR])"
2025-08-29T14:03:25.664953015Z 
2025-08-29T14:03:25.664954397Z . gen count = .
2025-08-29T14:03:25.664955775Z (1 missing value generated)
2025-08-29T14:03:25.664957146Z 
2025-08-29T14:03:25.664958502Z . gen formatted = "`median2' (" + string(`iqr2l',"%9.0f") + "-" + string(`iqr2u
2025-08-29T14:03:25.664960150Z > ',"%9.0f") + ")"
2025-08-29T14:03:25.664961725Z 
2025-08-29T14:03:25.664963106Z . append using "`attend2'"
2025-08-29T14:03:25.665049379Z (note: variable formatted was str7, now str9 to accommodate using data's
2025-08-29T14:03:25.665056772Z        values)
2025-08-29T14:03:25.665057972Z 
2025-08-29T14:03:25.665058864Z . append using "`results'"
2025-08-29T14:03:25.665059818Z (note: variable formatted was str9, now str12 to accommodate using data's
2025-08-29T14:03:25.665060684Z        values)
2025-08-29T14:03:25.665061435Z 
2025-08-29T14:03:25.665062301Z . save "`results'", replace
2025-08-29T14:03:25.665063132Z file /tmp/St00016.000001 saved
2025-08-29T14:03:25.665063887Z 
2025-08-29T14:03:25.665064609Z . 
2025-08-29T14:03:25.665065305Z . *------------------------------------------------------------
2025-08-29T14:03:25.665066112Z . * 7. Round counts (disclosure control)
2025-08-29T14:03:25.665066868Z . use "`results'", clear
2025-08-29T14:03:25.665067657Z 
2025-08-29T14:03:25.665068347Z . replace count = round(count, 5) if count < .
2025-08-29T14:03:25.665069167Z (22 real changes made)
2025-08-29T14:03:25.665069897Z 
2025-08-29T14:03:25.665070566Z . 
2025-08-29T14:03:25.665071272Z . *------------------------------------------------------------
2025-08-29T14:03:25.665072046Z . * 8. Keep clean variables for output
2025-08-29T14:03:25.665072783Z . keep subgroup category formatted
2025-08-29T14:03:25.665073522Z 
2025-08-29T14:03:25.665077427Z . 
2025-08-29T14:03:25.665078152Z . *------------------------------------------------------------
2025-08-29T14:03:25.665078957Z . * 9. Export final table
2025-08-29T14:03:25.665079766Z . export delimited using "output/processed/rheum_table3.csv", replace
2025-08-29T14:03:25.669304362Z (note: file output/processed/rheum_table3.csv not found)
2025-08-29T14:03:25.669311675Z file output/processed/rheum_table3.csv saved
2025-08-29T14:03:25.669313966Z 
2025-08-29T14:03:25.669315555Z . 
2025-08-29T14:03:25.669317041Z end of do-file
2025-08-29T14:03:25.669318493Z 
2025-08-29T14:03:25.669320510Z . . file open output using "/tmp/rheum_table3.do.dlaG.out", write text replace
2025-08-29T14:03:25.669688164Z 
2025-08-29T14:03:25.669694116Z . . file write output "success" 
2025-08-29T14:03:25.669696579Z 
2025-08-29T14:03:25.669698273Z . . file close output
2025-08-29T14:03:25.669699861Z 
2025-08-29T14:03:25.669701260Z . 
2025-08-29T14:03:25.669702697Z end of do-file
2025-08-29T14:03:25.669704148Z 
2025-08-29T14:03:25.669705509Z 
2025-08-29T14:03:25.712492138Z . 

job_definition_id: 75yzm2jign3kg4ze
job_definition_request_id: bcd809310f
docker_image_id: sha256:d11fbf0625709daf088cc95145fa2f2f463b8d1db6bf793b18c058c401a0c515
exit_code: 0
created_at: 1756476197
completed_at: 1756476207
status_message: Completed successfully

outputs:
  output/processed/rheum_table3.csv  - moderately_sensitive
